[17:30:47.771] Global cache location '/home/inafact/.cache/typescript/4.7', safe file path '/home/inafact/.nvm/versions/node/v16.15.1/lib/node_modules/typescript/lib/typingSafeList.json', types map path /home/inafact/.nvm/versions/node/v16.15.1/lib/node_modules/typescript/lib/typesMap.json
[17:30:47.771] Processing cache location '/home/inafact/.cache/typescript/4.7'
[17:30:47.771] Trying to find '/home/inafact/.cache/typescript/4.7/package.json'...
[17:30:47.772] Loaded content of '/home/inafact/.cache/typescript/4.7/package.json': {"private":true,"dependencies":{"types-registry":"^0.1.596"},"devDependencies":{"@types/async":"^3.2.13","@types/blessed":"^0.1.19","@types/camelcase-css":"^2.0.0","@types/cannon":"^0.1.8","@types/color":"^3.0.3","@types/color-convert":"^2.0.0","@types/color-string":"^1.5.2","@types/css-selector-tokenizer":"^0.7.1","@types/debug":"^4.1.7","@types/earcut":"^2.1.1","@types/http-server":"^0.12.1","@types/luxon":"^2.3.2","@types/mkdirp":"^1.0.2","@types/mocha":"^9.1.1","@types/needle":"^2.5.3","@types/node-fetch":"^2.6.1","@types/node-osc":"^6.0.0","@types/nodemon":"^1.19.1","@types/pidusage":"^2.0.2","@types/pino-pretty":"^4.7.5","@types/postcss-import":"^14.0.0","@types/postcss-js":"^4.0.0","@types/primer__octicons":"^17.0.0","@types/promptly":"^3.0.2","@types/react":"^18.0.12","@types/react-dom":"^18.0.5","@types/rimraf":"^3.0.2","@types/rtlcss":"^3.5.0","@types/semver":"^7.3.9","@types/source-map-support":"^0.5.4","@types/sprintf-js":"^1.1.2","@types/tailwindcss":"^3.0.10","@types/yamljs":"^0.2.31"}}
[17:30:47.772] Loaded content of '/home/inafact/.cache/typescript/4.7/package-lock.json'
[17:30:47.779] Adding entry into typings cache: 'async' => '/home/inafact/.cache/typescript/4.7/node_modules/@types/async/index.d.ts'
[17:30:47.780] Adding entry into typings cache: 'blessed' => '/home/inafact/.cache/typescript/4.7/node_modules/@types/blessed/index.d.ts'
[17:30:47.780] Adding entry into typings cache: 'camelcase-css' => '/home/inafact/.cache/typescript/4.7/node_modules/@types/camelcase-css/index.d.ts'
[17:30:47.781] Adding entry into typings cache: 'cannon' => '/home/inafact/.cache/typescript/4.7/node_modules/@types/cannon/index.d.ts'
[17:30:47.782] Adding entry into typings cache: 'color' => '/home/inafact/.cache/typescript/4.7/node_modules/@types/color/index.d.ts'
[17:30:47.782] Adding entry into typings cache: 'color-convert' => '/home/inafact/.cache/typescript/4.7/node_modules/@types/color-convert/index.d.ts'
[17:30:47.783] Adding entry into typings cache: 'color-string' => '/home/inafact/.cache/typescript/4.7/node_modules/@types/color-string/index.d.ts'
[17:30:47.783] Adding entry into typings cache: 'css-selector-tokenizer' => '/home/inafact/.cache/typescript/4.7/node_modules/@types/css-selector-tokenizer/index.d.ts'
[17:30:47.785] Adding entry into typings cache: 'debug' => '/home/inafact/.cache/typescript/4.7/node_modules/@types/debug/index.d.ts'
[17:30:47.785] Adding entry into typings cache: 'earcut' => '/home/inafact/.cache/typescript/4.7/node_modules/@types/earcut/index.d.ts'
[17:30:47.786] Adding entry into typings cache: 'http-server' => '/home/inafact/.cache/typescript/4.7/node_modules/@types/http-server/index.d.ts'
[17:30:47.787] Adding entry into typings cache: 'luxon' => '/home/inafact/.cache/typescript/4.7/node_modules/@types/luxon/index.d.ts'
[17:30:47.788] Adding entry into typings cache: 'mkdirp' => '/home/inafact/.cache/typescript/4.7/node_modules/@types/mkdirp/index.d.ts'
[17:30:47.789] Adding entry into typings cache: 'mocha' => '/home/inafact/.cache/typescript/4.7/node_modules/@types/mocha/index.d.ts'
[17:30:47.789] Adding entry into typings cache: 'needle' => '/home/inafact/.cache/typescript/4.7/node_modules/@types/needle/index.d.ts'
[17:30:47.790] Adding entry into typings cache: 'node-fetch' => '/home/inafact/.cache/typescript/4.7/node_modules/@types/node-fetch/index.d.ts'
[17:30:47.791] Adding entry into typings cache: 'node-osc' => '/home/inafact/.cache/typescript/4.7/node_modules/@types/node-osc/index.d.ts'
[17:30:47.791] Adding entry into typings cache: 'nodemon' => '/home/inafact/.cache/typescript/4.7/node_modules/@types/nodemon/index.d.ts'
[17:30:47.792] Adding entry into typings cache: 'pidusage' => '/home/inafact/.cache/typescript/4.7/node_modules/@types/pidusage/index.d.ts'
[17:30:47.792] Adding entry into typings cache: 'pino-pretty' => '/home/inafact/.cache/typescript/4.7/node_modules/@types/pino-pretty/index.d.ts'
[17:30:47.792] Adding entry into typings cache: 'postcss-import' => '/home/inafact/.cache/typescript/4.7/node_modules/@types/postcss-import/index.d.ts'
[17:30:47.793] Adding entry into typings cache: 'postcss-js' => '/home/inafact/.cache/typescript/4.7/node_modules/@types/postcss-js/index.d.ts'
[17:30:47.794] Adding entry into typings cache: 'primer__octicons' => '/home/inafact/.cache/typescript/4.7/node_modules/@types/primer__octicons/index.d.ts'
[17:30:47.794] Adding entry into typings cache: 'promptly' => '/home/inafact/.cache/typescript/4.7/node_modules/@types/promptly/index.d.ts'
[17:30:47.796] Adding entry into typings cache: 'react' => '/home/inafact/.cache/typescript/4.7/node_modules/@types/react/index.d.ts'
[17:30:47.796] Adding entry into typings cache: 'react-dom' => '/home/inafact/.cache/typescript/4.7/node_modules/@types/react-dom/index.d.ts'
[17:30:47.797] Adding entry into typings cache: 'rimraf' => '/home/inafact/.cache/typescript/4.7/node_modules/@types/rimraf/index.d.ts'
[17:30:47.797] Adding entry into typings cache: 'rtlcss' => '/home/inafact/.cache/typescript/4.7/node_modules/@types/rtlcss/index.d.ts'
[17:30:47.798] Adding entry into typings cache: 'semver' => '/home/inafact/.cache/typescript/4.7/node_modules/@types/semver/index.d.ts'
[17:30:47.798] Adding entry into typings cache: 'source-map-support' => '/home/inafact/.cache/typescript/4.7/node_modules/@types/source-map-support/index.d.ts'
[17:30:47.799] Adding entry into typings cache: 'sprintf-js' => '/home/inafact/.cache/typescript/4.7/node_modules/@types/sprintf-js/index.d.ts'
[17:30:47.799] Adding entry into typings cache: 'tailwindcss' => '/home/inafact/.cache/typescript/4.7/node_modules/@types/tailwindcss/index.d.ts'
[17:30:47.799] Adding entry into typings cache: 'yamljs' => '/home/inafact/.cache/typescript/4.7/node_modules/@types/yamljs/index.d.ts'
[17:30:47.799] Finished processing cache location '/home/inafact/.cache/typescript/4.7'
[17:30:47.800] Process id: 40388
[17:30:47.800] NPM location: /home/inafact/.nvm/versions/node/v16.15.1/bin/npm (explicit '--npmLocation' not  provided)
[17:30:47.800] validateDefaultNpmLocation: false
[17:30:47.800] Npm config file: /home/inafact/.cache/typescript/4.7/package.json
[17:30:47.800] Updating types-registry npm package...
[17:30:47.800] Exec: /home/inafact/.nvm/versions/node/v16.15.1/bin/npm install --ignore-scripts types-registry@latest
[17:30:48.356]     Succeeded. stdout:
    
    changed 1 package, and audited 59 packages in 413ms

1 package is looking for funding
  run `npm fund` for details

found 0 vulnerabilities

[17:30:48.357] Updated types-registry npm package
